::1 POST /pedidos 400 247 - 25.842 ms
::1 POST /pedidos 201 568 - 53.970 ms
::1 GET /products? 404 54 - 0.742 ms
::1 GET /products? 404 54 - 0.634 ms
::1 GET /pedidos? 200 1392 - 63.420 ms
::1 GET /pedidos? 304 - - 12.230 ms
::1 GET /pedidos? 304 - - 10.381 ms
::1 GET /pedidos? 304 - - 8.290 ms
::1 GET /pedidos? 304 - - 10.783 ms
::1 GET /pedidos? 304 - - 10.252 ms
::1 GET /pedidos? 304 - - 10.952 ms
::1 GET /pedidos? 304 - - 7.504 ms
::1 GET /pedidos? 304 - - 10.434 ms
::1 GET /pedidos? 304 - - 7.987 ms
::1 GET /pedidos? 304 - - 8.587 ms
::1 GET /pedidos? 304 - - 7.016 ms
::1 GET /pedidos? 304 - - 5.848 ms
::1 GET /pedidos? 304 - - 12.544 ms
::1 GET /pedidos? 304 - - 8.317 ms
::1 GET /pedidos? 304 - - 11.385 ms
::1 GET /pedidos? 304 - - 8.933 ms
::1 GET /pedidos? 304 - - 9.023 ms
::1 GET /pedidos? 304 - - 4.383 ms
::1 GET /pedidos? 304 - - 10.570 ms
::1 GET /pedidos? 304 - - 4.525 ms
::1 GET /pedidos? 304 - - 7.100 ms
::1 GET /pedidos? 304 - - 10.063 ms
::1 GET /pedidos? 304 - - 10.853 ms
::1 GET /pedidos? 304 - - 8.795 ms
::1 GET /pedidos? 304 - - 24.905 ms
::1 GET /pedidos?nPedido=123453 200 1392 - 6.074 ms
::1 GET /pedidos?nPedido=123453 304 - - 3.425 ms
::1 DELETE /pedidos/693a0e845ca33224079149f2 200 568 - 66.926 ms
::1 DELETE /pedidos/6939fe08316cceaa91fc43ca 200 434 - 16.780 ms
::1 DELETE /pedidos/693a05e5e991f59297e4ade9 200 434 - 18.775 ms
::1 POST /pedidos 400 91 - 21.477 ms
::1 POST /pedidos 400 91 - 13.596 ms
::1 POST /pedidos 400 91 - 10.941 ms
::1 POST /pedidos 201 433 - 41.529 ms
::1 GET /pedidos? 200 435 - 5.489 ms
::1 GET /pedidos? 304 - - 7.586 ms
::1 DELETE /pedidos/693a18fdeecea399e17ea411 200 433 - 16.745 ms
::1 POST /pedidos 201 435 - 17.310 ms
::1 GET /pedidos? 200 437 - 6.635 ms
::1 GET /pedidos? 304 - - 5.401 ms
::1 DELETE /pedidos/693a1943eecea399e17ea416 200 435 - 22.628 ms
::1 GET /pedidos? 200 26 - 49.681 ms
::1 GET /pedidos? 304 - - 4.206 ms
::1 POST /auth/login 200 240 - 167.572 ms
::1 GET /pedidos? 304 - - 7.866 ms
::1 GET /pedidos? 304 - - 5.383 ms
::1 POST /pedidos 201 425 - 105.582 ms
::1 GET /pedidos? 200 427 - 11.301 ms
::1 GET /pedidos? 304 - - 4.020 ms
::1 POST /pedidos 201 546 - 24.773 ms
::1 GET /pedidos? 200 950 - 11.843 ms
::1 GET /pedidos? 304 - - 10.525 ms
::1 GET /pedidos? 304 - - 5.126 ms
::1 GET /pedidos? 304 - - 6.708 ms
::1 GET /pedidos? 304 - - 6.829 ms
::1 GET /pedidos? 304 - - 9.400 ms
::1 GET /pedidos? 304 - - 7.450 ms
::1 GET /pedidos? 304 - - 4.483 ms
::1 DELETE /pedidos/693ab459009ea66d724cdee7 200 425 - 29.058 ms
::1 POST /pedidos 201 412 - 26.917 ms
::1 GET /pedidos? 200 937 - 13.284 ms
::1 GET /pedidos? 304 - - 11.304 ms
::1 GET /pedidos? 304 - - 3.149 ms
::1 GET /pedidos? 304 - - 2.950 ms
::1 POST /auth/login 200 240 - 114.452 ms
::1 GET /pedidos? 304 - - 5.462 ms
::1 GET /pedidos? 304 - - 10.916 ms
::1 GET /pedidos? 304 - - 6.345 ms
::1 GET /pedidos? 304 - - 4.911 ms
::1 GET /pedidos? 304 - - 4.520 ms
::1 GET /pedidos? 304 - - 7.772 ms
::1 GET /pedidos/$%7Bpedido._id%7D 400 40 - 1.474 ms
::1 GET /favicon.ico 404 54 - 1.299 ms
::1 GET /pedidos? 304 - - 6.501 ms
::1 GET /pedidos? 304 - - 7.008 ms
::1 GET /pedidos? 304 - - 7.095 ms
::1 GET /pedidos? 304 - - 7.753 ms
::1 GET /pedidos? 304 - - 5.294 ms
::1 GET /pedidos? 304 - - 4.498 ms
::1 GET /pedidos? 304 - - 9.890 ms
::1 GET /pedidos? 304 - - 6.238 ms
::1 GET /pedidos? 304 - - 7.158 ms
::1 GET /pedidos? 304 - - 8.285 ms
::1 GET /pedidos? 304 - - 4.859 ms
::1 GET /pedidos? 304 - - 6.708 ms
::1 GET /pedidos? 304 - - 7.482 ms
::1 GET /pedidos? 304 - - 8.060 ms
::1 GET /pedidos? 304 - - 5.469 ms
::1 GET /pedidos? 304 - - 10.456 ms
::1 GET /pedidos? 304 - - 4.861 ms
::1 GET /pedidos? 304 - - 7.961 ms
::1 GET /pedidos? 304 - - 9.881 ms
::1 GET /pedidos? 304 - - 53.546 ms
::1 GET /pedidos? 304 - - 6.781 ms
::1 GET /pedidos? 304 - - 13.678 ms
::1 GET /pedidos? 304 - - 6.118 ms
::1 GET /pedidos? 304 - - 6.791 ms
::1 GET /pedidos? 304 - - 5.803 ms
::1 GET /pedidos? 304 - - 10.104 ms
::1 GET /pedidos? 304 - - 9.811 ms
::1 GET /pedidos? 304 - - 19.929 ms
::1 GET /pedidos? 304 - - 7.105 ms
::1 GET /pedidos? 304 - - 13.376 ms
::1 GET /pedidos? 304 - - 5.271 ms
::1 GET /pedidos? 304 - - 11.101 ms
::1 GET /pedidos? 304 - - 6.805 ms
::1 GET /pedidos? 304 - - 25.510 ms
::1 GET /pedidos? 304 - - 8.625 ms
::1 GET /pedidos? 304 - - 5.753 ms
::1 GET /pedidos? 304 - - 11.660 ms
::1 GET /pedidos? 304 - - 14.866 ms
::1 GET /pedidos? 304 - - 114.391 ms
::1 GET /pedidos? 304 - - 59.249 ms
::1 GET /pedidos? 304 - - 4.456 ms
::1 GET /pedidos? 304 - - 4.194 ms
::1 GET /pedidos? 304 - - 6.360 ms
::1 GET /pedidos? 304 - - 5.430 ms
::1 GET /pedidos? 304 - - 3.712 ms
::1 GET /pedidos? 304 - - 7.479 ms
::1 GET /pedidos? 304 - - 4.596 ms
::1 GET /pedidos? 304 - - 5.459 ms
::1 GET /pedidos? 304 - - 7.430 ms
::1 GET /pedidos? 304 - - 2.954 ms
::1 GET /pedidos? 304 - - 6.912 ms
::1 GET /pedidos? 304 - - 5.097 ms
::1 GET /pedidos? 304 - - 4.395 ms
::1 GET /pedidos? 304 - - 4.116 ms
::1 POST /auth/login 200 240 - 118.941 ms
::1 GET /pedidos? 304 - - 10.097 ms
::1 GET /pedidos? 304 - - 8.378 ms
::1 GET /pedidos? 304 - - 5.969 ms
::1 GET /pedidos? 304 - - 7.640 ms
::1 GET /pedidos? 304 - - 5.753 ms
::1 GET /pedidos? 304 - - 6.125 ms
::1 GET /pedidos? 304 - - 3.689 ms
::1 GET /pedidos? 304 - - 11.259 ms
::1 GET /pedidos? 304 - - 5.856 ms
::1 GET /pedidos? 304 - - 10.047 ms
::1 GET /pedidos? 304 - - 4.424 ms
::1 GET /pedidos? 304 - - 8.462 ms
::1 GET /pedidos? 304 - - 5.544 ms
::1 GET /pedidos? 304 - - 10.727 ms
::1 GET /pedidos? 304 - - 6.435 ms
::1 GET /pedidos? 304 - - 3.973 ms
::1 GET /pedidos? 304 - - 5.622 ms
::1 GET /pedidos? 304 - - 6.121 ms
::1 GET /pedidos? 304 - - 6.225 ms
::1 GET /pedidos? 304 - - 9.633 ms
::1 GET /pedidos? 304 - - 5.445 ms
::1 GET /pedidos? 304 - - 4.907 ms
::1 GET /pedidos? 304 - - 5.828 ms
::1 GET /pedidos? 304 - - 5.411 ms
::1 GET /pedidos? 304 - - 4.927 ms
::1 GET /pedidos? 304 - - 4.975 ms
::1 GET /pedidos? 304 - - 4.747 ms
::1 GET /pedidos? 304 - - 6.096 ms
::1 POST /auth/login 200 240 - 101.840 ms
::1 GET /pedidos? 304 - - 15.028 ms
::1 GET /pedidos? 304 - - 10.483 ms
::1 GET /pedidos? 304 - - 9.790 ms
::1 GET /pedidos? 304 - - 4.551 ms
::1 POST /auth/login 200 240 - 112.214 ms
::1 GET /pedidos? 304 - - 5.550 ms
::1 GET /pedidos? 304 - - 9.196 ms
::1 GET /pedidos? 304 - - 23.641 ms
::1 GET /pedidos? 304 - - 5.451 ms
::1 POST /pedidos 401 38 - 24.473 ms
::1 POST /auth/login 200 240 - 100.332 ms
::1 GET /pedidos? 304 - - 8.850 ms
::1 GET /pedidos? 304 - - 8.304 ms
::1 POST /pedidos 201 427 - 61.611 ms
::1 GET /pedidos? 200 1341 - 7.838 ms
::1 GET /pedidos? 304 - - 13.315 ms
::1 GET /pedidos? 304 - - 4.306 ms
::1 GET /pedidos? 304 - - 8.041 ms
::1 POST /pedidos 201 420 - 76.889 ms
::1 GET /pedidos? 200 1738 - 25.917 ms
::1 GET /pedidos? 304 - - 4.594 ms
::1 GET /pedidos? 304 - - 5.886 ms
::1 GET /pedidos? 304 - - 7.841 ms
::1 POST /pedidos 201 418 - 18.955 ms
::1 GET /pedidos? 200 2133 - 12.257 ms
::1 GET /pedidos? 304 - - 7.825 ms
::1 POST /pedidos 201 426 - 20.816 ms
::1 GET /pedidos? 200 2536 - 8.393 ms
::1 GET /pedidos? 304 - - 9.311 ms
::1 GET /pedidos? 304 - - 13.486 ms
::1 GET /pedidos? 304 - - 4.212 ms
::1 GET /pedidos? 304 - - 8.206 ms
::1 GET /pedidos? 304 - - 5.830 ms
::1 GET /pedidos? 304 - - 9.138 ms
::1 GET /pedidos? 304 - - 4.979 ms
::1 GET /pedidos? 304 - - 5.164 ms
::1 GET /pedidos? 304 - - 6.672 ms
::1 GET /pedidos? 304 - - 5.742 ms
::1 GET /pedidos? 304 - - 5.697 ms
::1 GET /pedidos? 304 - - 9.140 ms
::1 GET /pedidos? 304 - - 5.454 ms
::1 GET /pedidos? 304 - - 5.557 ms
::1 GET /pedidos? 304 - - 8.223 ms
::1 GET /pedidos? 304 - - 10.907 ms
::1 GET /pedidos? 304 - - 13.450 ms
::1 PATCH /pedidos/693b1e171d3dbcf76c46824c 401 38 - 45.165 ms
::1 GET /pedidos? 304 - - 5.692 ms
::1 PATCH /pedidos/693b1e171d3dbcf76c46824c 401 38 - 17.743 ms
::1 GET /pedidos? 304 - - 5.367 ms
::1 PATCH /pedidos/693b1e171d3dbcf76c46824c 401 38 - 15.138 ms
::1 GET /pedidos? 304 - - 6.683 ms
::1 PATCH /pedidos/693b1e171d3dbcf76c46824c 401 38 - 27.497 ms
::1 GET /pedidos? 304 - - 47.372 ms
::1 PATCH /pedidos/693b1eb71d3dbcf76c468250 401 38 - 20.546 ms
::1 GET /pedidos? 304 - - 39.086 ms
::1 PATCH /pedidos/693b1eb71d3dbcf76c468250 401 38 - 17.525 ms
::1 GET /pedidos? 304 - - 8.171 ms
::1 PATCH /pedidos/693b1eb71d3dbcf76c468250 401 38 - 13.324 ms
::1 GET /pedidos? 304 - - 7.446 ms
::1 PATCH /pedidos/693b1eb71d3dbcf76c468250 401 38 - 16.749 ms
::1 GET /pedidos? 304 - - 7.045 ms
::1 PATCH /pedidos/693b1eb71d3dbcf76c468250 401 38 - 18.384 ms
::1 GET /pedidos? 304 - - 5.566 ms
::1 PATCH /pedidos/693b1eb71d3dbcf76c468250 401 38 - 18.904 ms
::1 GET /pedidos? 304 - - 7.305 ms
::1 PATCH /pedidos/693b1eb71d3dbcf76c468250 401 38 - 20.327 ms
::1 GET /pedidos? 304 - - 5.639 ms
::1 PATCH /pedidos/693b1eb71d3dbcf76c468250 401 38 - 17.808 ms
::1 GET /pedidos? 304 - - 5.455 ms
::1 PATCH /pedidos/693b1eb71d3dbcf76c468250 401 38 - 22.833 ms
::1 GET /pedidos? 304 - - 46.568 ms
::1 GET /pedidos 200 2536 - 6.385 ms
::1 DELETE /693b1b791d3dbcf76c468246 404 54 - 0.442 ms
::1 POST /auth/login 200 240 - 140.680 ms
::1 DELETE /693b1b791d3dbcf76c468246 404 54 - 0.289 ms
::1 DELETE /693b1e171d3dbcf76c46824c 404 54 - 0.308 ms
::1 DELETE /693b1e171d3dbcf76c46824c 404 54 - 0.168 ms
::1 DELETE /pedidos/693b1e171d3dbcf76c46824c 401 38 - 19.504 ms
::1 POST /auth/login 200 240 - 78.781 ms
::1 GET /pedidos? 304 - - 9.441 ms
::1 GET /pedidos? 304 - - 10.308 ms
::1 DELETE /pedidos/693b1eb71d3dbcf76c468250 200 426 - 31.332 ms
::1 POST /auth/login 200 240 - 98.032 ms
::1 DELETE /693b1e171d3dbcf76c46824c 404 54 - 0.588 ms
::1 DELETE /693b1e171d3dbcf76c46824c 404 54 - 0.418 ms
::1 DELETE /693b1e171d3dbcf76c46824c 404 54 - 0.259 ms
::1 GET /pedidos 200 2133 - 6.800 ms
::1 DELETE /693ab5a3009ea66d724cdeeb 404 54 - 0.186 ms
::1 DELETE /693ab5a3009ea66d724cdeeb 404 54 - 0.340 ms
::1 DELETE /pedidos/693ab5a3009ea66d724cdeeb 200 546 - 18.703 ms
::1 PATCH /pedidos/693b1e171d3dbcf76c46824c 200 423 - 50.654 ms
::1 GET /pedidos? 200 1615 - 6.891 ms
::1 PATCH /pedidos/693ab6f7009ea66d724cdef6 401 47 - 13.990 ms
::1 PATCH /pedidos/693ab6f7009ea66d724cdef6 400 28 - 45.171 ms
::1 PATCH /pedidos/693ab6f7009ea66d724cdef6 200 423 - 47.554 ms
::1 GET /pedidos? 200 1626 - 8.600 ms
::1 GET /pedidos? 304 - - 8.075 ms
::1 GET /pedidos 200 1626 - 4.916 ms
::1 POST /pedidos 401 38 - 17.695 ms
::1 POST /pedidos 401 40 - 12.187 ms
::1 POST /pedidos 401 40 - 12.551 ms
::1 POST /auth/login 200 240 - 86.993 ms
::1 POST /pedidos 201 572 - 71.724 ms
::1 GET /pedidos? 200 2175 - 7.792 ms
::1 GET /pedidos? 304 - - 10.083 ms
::1 GET /pedidos? 304 - - 5.001 ms
::1 GET /pedidos? 304 - - 4.370 ms
::1 GET /pedidos? 304 - - 6.145 ms
::1 GET /pedidos? 304 - - 8.693 ms
::1 GET /pedidos? 304 - - 14.874 ms
::1 GET /pedidos? 304 - - 13.599 ms
::1 GET /pedidos? 304 - - 10.676 ms
::1 GET /pedidos? 304 - - 9.045 ms
::1 GET /pedidos? 304 - - 4.758 ms
::1 GET /pedidos? 304 - - 4.930 ms
::1 GET /pedidos? 304 - - 8.289 ms
::1 GET /pedidos? 304 - - 7.103 ms
::1 GET /pedidos? 304 - - 3.679 ms
::1 GET /pedidos? 304 - - 7.435 ms
::1 GET /pedidos? 304 - - 4.265 ms
::1 GET /pedidos? 304 - - 3.647 ms
::1 GET /pedidos? 304 - - 5.775 ms
::1 GET /pedidos? 304 - - 6.006 ms
::1 GET /pedidos? 304 - - 6.315 ms
::1 GET /pedidos? 304 - - 4.958 ms
::1 GET /pedidos? 304 - - 5.220 ms
::1 GET /pedidos? 304 - - 4.789 ms
::1 GET /pedidos? 304 - - 9.691 ms
::1 GET /pedidos? 304 - - 8.732 ms
::1 GET /pedidos? 304 - - 6.983 ms
::1 GET /pedidos? 304 - - 10.163 ms
::1 PATCH /pedidos/undefined 400 39 - 21.203 ms
::1 GET /pedidos? 304 - - 33.677 ms
::1 GET /pedidos? 304 - - 5.819 ms
::1 PATCH /pedidos/undefined 400 39 - 16.379 ms
::1 GET /pedidos? 304 - - 5.345 ms
::1 GET /pedidos? 304 - - 5.977 ms
::1 GET /pedidos? 304 - - 4.572 ms
::1 GET /pedidos? 304 - - 5.752 ms
::1 GET /pedidos? 304 - - 4.038 ms
::1 GET /pedidos? 304 - - 5.709 ms
::1 GET /pedidos? 304 - - 7.714 ms
::1 GET /pedidos? 304 - - 6.894 ms
::1 GET /pedidos? 304 - - 5.416 ms
::1 PATCH /pedidos/undefined 400 39 - 22.108 ms
::1 GET /pedidos? 304 - - 5.036 ms
::1 PATCH /pedidos/undefined 401 38 - 19.475 ms
::1 GET /pedidos? 304 - - 3.845 ms
::1 PATCH /pedidos/undefined 401 38 - 16.833 ms
::1 GET /pedidos? 304 - - 4.563 ms
::1 GET /pedidos? 304 - - 5.922 ms
::1 GET /pedidos? 304 - - 10.765 ms
::1 PATCH /pedidos/undefined 401 38 - 18.241 ms
::1 GET /pedidos? 304 - - 3.599 ms
::1 GET /pedidos? 304 - - 6.375 ms
::1 GET /pedidos? 304 - - 6.292 ms
::1 PATCH /pedidos/undefined 401 38 - 17.994 ms
::1 GET /pedidos? 304 - - 6.190 ms
::1 GET /pedidos? 304 - - 10.176 ms
::1 PATCH /pedidos/undefined 401 38 - 20.447 ms
::1 PATCH /pedidos/undefined 401 38 - 17.949 ms
::1 GET /pedidos? 304 - - 11.480 ms
::1 GET /pedidos? 304 - - 12.819 ms
::1 PATCH /pedidos/undefined 401 38 - 17.383 ms
::1 GET /pedidos/$%7BpedidoId%7D 400 40 - 1.011 ms
::1 GET /pedidos? 304 - - 12.384 ms
::1 GET /pedidos? 304 - - 11.671 ms
::1 PATCH /pedidos/undefined 401 38 - 21.793 ms
::1 GET /pedidos? 304 - - 7.285 ms
::1 GET /pedidos? 304 - - 5.522 ms
::1 GET /pedidos? 304 - - 6.012 ms
::1 GET /pedidos? 304 - - 11.185 ms
::1 PATCH /pedidos/undefined 401 38 - 18.559 ms
::1 GET /pedidos? 304 - - 7.088 ms
::1 GET /pedidos? 304 - - 6.313 ms
::1 PATCH /pedidos/693b43988caaa0981cf1cc67 401 38 - 21.892 ms
::1 GET /pedidos? 304 - - 7.503 ms
::1 GET /pedidos? 304 - - 12.173 ms
::1 POST /auth/login 200 240 - 91.514 ms
::1 GET /pedidos? 304 - - 5.788 ms
::1 GET /pedidos? 304 - - 6.156 ms
::1 GET /pedidos? 304 - - 10.223 ms
::1 GET /pedidos? 304 - - 6.913 ms
::1 PATCH /pedidos/693b43988caaa0981cf1cc67 200 585 - 20.972 ms
::1 GET /pedidos? 200 2188 - 12.996 ms
::1 GET /pedidos? 304 - - 13.423 ms
::1 PATCH /pedidos/693b43988caaa0981cf1cc67 200 566 - 19.760 ms
::1 PATCH /pedidos/693b43988caaa0981cf1cc67 200 566 - 25.676 ms
::1 PATCH /pedidos/693b43988caaa0981cf1cc67 200 566 - 21.934 ms
::1 PATCH /pedidos/693b43988caaa0981cf1cc67 200 566 - 20.007 ms
::1 GET /pedidos? 200 2169 - 6.401 ms
::1 GET /pedidos? 304 - - 6.331 ms
::1 PATCH /pedidos/693b43988caaa0981cf1cc67 200 577 - 23.858 ms
::1 GET /pedidos? 200 2180 - 10.080 ms
::1 GET /pedidos? 304 - - 8.961 ms
::1 PATCH /pedidos/693b43988caaa0981cf1cc67 200 569 - 22.053 ms
::1 GET /pedidos? 200 2172 - 6.826 ms
::1 GET /pedidos? 304 - - 8.497 ms
::1 PATCH /pedidos/693b43988caaa0981cf1cc67 200 576 - 21.901 ms
::1 GET /pedidos? 200 2179 - 5.923 ms
::1 GET /pedidos? 304 - - 6.084 ms
::1 PATCH /pedidos/693b43988caaa0981cf1cc67 200 569 - 23.107 ms
::1 GET /pedidos? 200 2172 - 4.930 ms
::1 GET /pedidos? 304 - - 6.195 ms
::1 PATCH /pedidos/693b43988caaa0981cf1cc67 200 588 - 18.730 ms
::1 GET /pedidos? 200 2191 - 5.844 ms
::1 GET /pedidos? 304 - - 6.839 ms
::1 PATCH /pedidos/693b43988caaa0981cf1cc67 200 578 - 22.820 ms
::1 GET /pedidos? 200 2181 - 3.728 ms
::1 PATCH /pedidos/693b43988caaa0981cf1cc67 200 585 - 20.374 ms
::1 GET /pedidos? 200 2188 - 4.353 ms
::1 PATCH /pedidos/693b1e171d3dbcf76c46824c 200 412 - 22.114 ms
::1 GET /pedidos? 200 2177 - 5.063 ms
::1 GET /pedidos? 304 - - 6.060 ms
::1 PATCH /pedidos/693b1e171d3dbcf76c46824c 200 434 - 16.817 ms
::1 GET /pedidos? 200 2199 - 4.212 ms
::1 PATCH /pedidos/693b1e171d3dbcf76c46824c 200 432 - 22.316 ms
::1 GET /pedidos? 200 2197 - 3.256 ms
::1 PATCH /pedidos/693b43988caaa0981cf1cc67 200 584 - 22.895 ms
::1 PATCH /pedidos/693b43988caaa0981cf1cc67 200 584 - 28.140 ms
::1 GET /pedidos? 200 2196 - 6.295 ms
::1 GET /pedidos? 304 - - 4.579 ms
::1 PATCH /pedidos/693b1b791d3dbcf76c468246 200 432 - 18.479 ms
::1 GET /pedidos? 200 2208 - 5.498 ms
::1 PATCH /pedidos/693b43988caaa0981cf1cc67 200 579 - 21.239 ms
::1 GET /pedidos? 200 2203 - 9.248 ms
::1 GET /pedidos? 304 - - 10.572 ms
::1 PATCH /pedidos/693b43988caaa0981cf1cc67 200 578 - 19.794 ms
::1 PATCH /pedidos/693b43988caaa0981cf1cc67 200 578 - 19.280 ms
::1 GET /pedidos? 200 2202 - 5.516 ms
::1 GET /pedidos? 304 - - 7.300 ms
::1 PATCH /pedidos/693b43988caaa0981cf1cc67 200 578 - 21.771 ms
::1 PATCH /pedidos/693b43988caaa0981cf1cc67 200 578 - 23.958 ms
::1 PATCH /pedidos/693b43988caaa0981cf1cc67 200 578 - 25.595 ms
::1 PATCH /pedidos/693b43988caaa0981cf1cc67 200 578 - 28.442 ms
::1 PATCH /pedidos/693b43988caaa0981cf1cc67 200 578 - 30.975 ms
::1 PATCH /pedidos/693b43988caaa0981cf1cc67 200 578 - 25.784 ms
::1 PATCH /pedidos/693b43988caaa0981cf1cc67 200 578 - 26.402 ms
::1 PATCH /pedidos/693b43988caaa0981cf1cc67 200 578 - 38.675 ms
::1 GET /pedidos? 200 2202 - 9.167 ms
::1 PATCH /pedidos/693b43988caaa0981cf1cc67 200 584 - 23.152 ms
::1 GET /pedidos? 200 2208 - 3.520 ms
::1 PATCH /pedidos/693b43988caaa0981cf1cc67 200 584 - 21.998 ms
::1 GET /pedidos? 200 2208 - 3.121 ms
::1 GET /pedidos/693b1e171d3dbcf76c46824c 200 432 - 5.576 ms
::1 GET /pedidos? 304 - - 8.331 ms
::1 GET /pedidos? 304 - - 10.383 ms
::1 PATCH /pedidos/693b43988caaa0981cf1cc67 200 577 - 24.863 ms
::1 GET /pedidos? 200 2201 - 14.857 ms
::1 PATCH /pedidos/693b43988caaa0981cf1cc67 200 569 - 22.400 ms
::1 GET /pedidos? 200 2193 - 3.800 ms
::1 PATCH /pedidos/693b1e171d3dbcf76c46824c 200 417 - 23.172 ms
::1 GET /pedidos? 200 2178 - 4.427 ms
::1 POST /email/send 500 61 - 1464.054 ms
::1 POST /email/send 500 61 - 691.119 ms
::1 POST /email/send 500 61 - 1233.387 ms
::1 GET /pedidos? 304 - - 9.061 ms
::1 GET /pedidos? 304 - - 4.958 ms
::1 GET /pedidos?nPedido=901222025 200 2178 - 4.594 ms
::1 GET /pedidos?nPedido=901222025 304 - - 3.904 ms
::1 GET /pedidos? 304 - - 9.005 ms
::1 GET /pedidos? 304 - - 6.045 ms
::1 GET /pedidos? 304 - - 3.772 ms
::1 GET /pedidos? 304 - - 4.376 ms
::1 GET /pedidos?nPedido=901222025 304 - - 4.483 ms
::1 GET /pedidos?nPedido=901222025 304 - - 6.247 ms
::1 GET /pedidos? 304 - - 7.793 ms
::1 GET /pedidos? 304 - - 4.443 ms
::1 GET /pedidos?nPedido=901222025 304 - - 3.945 ms
::1 GET /pedidos? 304 - - 6.547 ms
::1 GET /pedidos? 304 - - 5.250 ms
::1 GET /pedidos?nPedido=901222025 304 - - 3.526 ms
::1 GET /pedidos? 304 - - 8.949 ms
::1 GET /pedidos? 304 - - 6.453 ms
::1 GET /pedidos?nPedido=901222025 304 - - 4.547 ms
::1 GET /pedidos? 304 - - 7.784 ms
::1 GET /pedidos? 304 - - 4.450 ms
::1 GET /pedidos?nPedido=901222025 304 - - 4.224 ms
::1 GET /pedidos?nPedido=90122025 200 2178 - 5.773 ms
