::1 GET /pedidos? 500 88 - 10051.699 ms
::1 GET /pedidos? 200 26 - 95.437 ms
::1 GET /pedidos? 304 - - 71.667 ms
::1 POST /auth/register 201 273 - 278.794 ms
::1 POST /auth/login 200 240 - 225.066 ms
::1 GET /pedidos? 304 - - 183.388 ms
::1 GET /pedidos? 304 - - 65.284 ms
::1 POST /pedidos 201 445 - 99.371 ms
::1 GET /pedidos? 200 447 - 69.169 ms
::1 GET /pedidos? 304 - - 69.457 ms
::1 POST /pedidos 201 564 - 79.341 ms
::1 GET /pedidos? 200 988 - 65.137 ms
::1 GET /pedidos? 304 - - 63.594 ms
::1 GET /pedidos?n_pedido=147852 200 566 - 62.291 ms
::1 GET /pedidos? 304 - - 60.263 ms
::1 GET /pedidos?nombre=Abigail+Astradas 200 447 - 64.854 ms
::1 GET /pedidos? 304 - - 61.375 ms
::1 GET /pedidos?identification=38231486 200 988 - 73.298 ms
::1 GET /pedidos?identification=38231486 304 - - 62.365 ms
::1 GET /pedidos?identification=21556686 200 988 - 62.079 ms
::1 GET /pedidos?identification=21556686 304 - - 60.672 ms
::1 GET /pedidos?identification=21556686 304 - - 66.540 ms
::1 GET /pedidos?identification=36985214 200 988 - 62.640 ms
::1 GET /pedidos?identification=36985214 304 - - 61.227 ms
::1 GET /pedidos?identification=36985214&category=Interior 200 988 - 60.554 ms
::1 GET /pedidos?category=Interior 200 988 - 61.929 ms
::1 GET /pedidos?category=Interior 304 - - 57.774 ms
::1 GET /pedidos?category=Interior 304 - - 62.816 ms
::1 GET /pedidos?category=Exterior 200 566 - 64.552 ms
::1 GET /pedidos?category=Interior 304 - - 63.698 ms
::1 GET /pedidos?category=Interior&line=2000 200 988 - 62.976 ms
::1 POST /pedidos 201 415 - 86.789 ms
::1 GET /pedidos? 200 1380 - 60.751 ms
::1 GET /pedidos? 304 - - 65.573 ms
::1 GET /pedidos?category=Exterior 200 958 - 61.227 ms
::1 GET /pedidos?category=Exterior&line=Pivotante 200 417 - 58.701 ms
::1 GET /pedidos? 304 - - 61.869 ms
::1 POST /pedidos 201 420 - 89.614 ms
::1 GET /pedidos? 200 1777 - 61.820 ms
::1 GET /pedidos? 304 - - 61.461 ms
::1 GET /pedidos?category=Exterior&line=Pivotante 200 814 - 59.776 ms
::1 GET /pedidos?category=Exterior&line=Pivotante&model=%C3%81lamo 200 417 - 62.761 ms
::1 GET /pedidos? 304 - - 594.385 ms
::1 GET /pedidos?minCant=1 200 1777 - 87.037 ms
::1 GET /pedidos?estado=pendiente+pago 200 839 - 60.167 ms
::1 GET /pedidos? 304 - - 65.677 ms
::1 POST /pedidos 201 429 - 164.549 ms
::1 GET /pedidos? 200 2183 - 90.420 ms
::1 GET /pedidos? 304 - - 66.564 ms
::1 GET /pedidos?maxCant=2 200 2183 - 60.448 ms
::1 GET /pedidos? 304 - - 63.317 ms
::1 GET /pedidos?minCant=2 200 431 - 1143.577 ms
::1 GET /pedidos?minCant=2 304 - - 72.461 ms
::1 GET /pedidos?minCant=2 304 - - 68.309 ms
::1 GET /pedidos? 304 - - 71.326 ms
::1 POST /auth/forgot-password 200 53 - 682.417 ms
::1 POST /auth/reset-password 200 66 - 742.590 ms
::1 POST /auth/forgot-password 200 53 - 726.674 ms
::1 POST /auth/reset-password 400 55 - 73.248 ms
::1 POST /auth/forgot-password 200 53 - 938.867 ms
::1 POST /auth/reset-password 200 66 - 227.376 ms
::1 POST /auth/login 200 240 - 164.695 ms
::1 GET /pedidos? 304 - - 109.202 ms
::1 GET /pedidos? 304 - - 73.882 ms
