::1 GET /pedidos? 304 - - 53.753 ms
::1 GET /pedidos? 304 - - 12.973 ms
::1 GET /pedidos?nPedido=90122025 304 - - 9.735 ms
::1 GET /pedidos? 304 - - 40.342 ms
::1 GET /pedidos? 304 - - 8.758 ms
::1 GET /pedidos?nPedido=90122025 304 - - 12.373 ms
::1 GET /pedidos? 304 - - 47.672 ms
::1 GET /pedidos? 304 - - 13.141 ms
::1 GET /pedidos? 304 - - 59.822 ms
::1 GET /pedidos? 304 - - 24.902 ms
::1 GET /pedidos?nPedido=90122025 304 - - 11.547 ms
::1 GET /pedidos?nPedido=90122025 304 - - 60.999 ms
::1 GET /pedidos? 304 - - 10.935 ms
::1 GET /pedidos? 304 - - 11.515 ms
::1 GET /pedidos? 304 - - 19.209 ms
::1 GET /pedidos?n_pedido=90122025 500 131 - 25.001 ms
::1 GET /pedidos?n_pedido=90122025 500 131 - 28.481 ms
::1 GET /pedidos? 304 - - 51.305 ms
::1 GET /pedidos? 304 - - 12.123 ms
::1 GET /pedidos?n_pedido=90122025 200 571 - 19.824 ms
::1 GET /pedidos?nombre=Viviana+Claudia 200 26 - 21.825 ms
::1 GET /pedidos?nombre=Abigail+Astradas 200 26 - 6.195 ms
::1 GET /pedidos?nombre=Abigail+Astradas 304 - - 4.641 ms
::1 GET /pedidos? 304 - - 11.226 ms
::1 GET /pedidos? 304 - - 9.706 ms
::1 GET /pedidos?nombre=Abigail+Astradas 304 - - 8.576 ms
::1 GET /pedidos? 304 - - 60.821 ms
::1 GET /pedidos? 304 - - 25.846 ms
::1 GET /pedidos?nombre=Abigail+Astradas 200 571 - 12.394 ms
::1 GET /pedidos?identification=74145210 200 2178 - 6.846 ms
::1 GET /pedidos? 304 - - 51.370 ms
::1 GET /pedidos? 304 - - 12.782 ms
::1 GET /pedidos?identification=38231486 200 2178 - 9.619 ms
::1 GET /pedidos?identification=38231486 304 - - 6.264 ms
::1 GET /pedidos? 304 - - 9.784 ms
::1 GET /pedidos? 304 - - 7.323 ms
::1 GET /pedidos?identification=74145210 304 - - 5.130 ms
::1 GET /pedidos?identification=74145210&category=Interior 200 26 - 21.228 ms
::1 GET /pedidos? 304 - - 61.172 ms
::1 GET /pedidos? 304 - - 7.853 ms
::1 GET /pedidos?category=Interior 200 965 - 9.566 ms
::ffff:127.0.0.1 GET /pedidos?category=Exterior 200 1238 - 8.160 ms
::1 GET /pedidos? 304 - - 71.171 ms
::1 GET /pedidos? 304 - - 11.340 ms
::1 GET /pedidos?category=Interior&line=2000 200 571 - 8.971 ms
::1 GET /pedidos?category=Interior&line=2000&model=Florencia 200 571 - 8.281 ms
::ffff:127.0.0.1 GET /pedidos?category=Interior 304 - - 7.739 ms
::1 GET /pedidos?category=Interior&minCant=1 200 965 - 33.331 ms
::1 GET /pedidos?category=Interior&minCant=4 200 26 - 8.000 ms
::1 GET /pedidos?category=Interior&minCant=4 304 - - 6.391 ms
::1 GET /pedidos?category=Interior&minCant=1 304 - - 9.084 ms
::1 GET /pedidos?category=Interior&minCant=1&maxCant=2 200 965 - 9.826 ms
::1 GET /pedidos?category=Interior&minCant=1&maxCant=4 200 965 - 6.527 ms
::1 POST /pedidos 401 38 - 29.893 ms
::1 POST /pedidos 401 38 - 22.861 ms
::1 POST /pedidos 401 38 - 22.023 ms
::1 POST /pedidos 401 38 - 25.272 ms
::1 POST /auth/login 200 240 - 107.943 ms
::1 GET /pedidos? 304 - - 12.185 ms
::1 GET /pedidos? 304 - - 10.630 ms
::1 POST /pedidos 201 420 - 57.682 ms
::1 GET /pedidos? 200 2575 - 8.332 ms
::1 GET /pedidos? 304 - - 8.197 ms
::1 GET /pedidos?minCant=2 200 422 - 2.949 ms
::1 GET /pedidos?maxCant=2 200 2575 - 5.157 ms
::1 GET /pedidos?maxCant=5 200 2575 - 6.365 ms
::1 GET /pedidos?maxCant=5 304 - - 6.255 ms
::1 GET /pedidos?maxCant=5 304 - - 6.471 ms
::1 GET /pedidos?maxCant=5&order_status=pendiente+pago 200 2575 - 5.867 ms
::1 GET /pedidos?maxCant=5&order_status=pendiente+pago 304 - - 4.422 ms
::1 GET /pedidos? 304 - - 45.491 ms
::1 GET /pedidos? 304 - - 16.429 ms
::1 GET /pedidos?order_status=pendiente+pago 200 2575 - 7.147 ms
::1 GET /pedidos?order_status=pendiente+pago 304 - - 8.187 ms
::1 GET /pedidos?order_status=pendiente+pago 304 - - 5.593 ms
::1 GET /pedidos?order_status=en+preparacion 200 2575 - 6.597 ms
::ffff:127.0.0.1 GET /pedidos? 304 - - 70.410 ms
::ffff:127.0.0.1 GET /pedidos? 304 - - 22.039 ms
::ffff:127.0.0.1 GET /pedidos?order_status=pendiente+pago 304 - - 7.982 ms
::ffff:127.0.0.1 GET /pedidos?order_status=pendiente+pago 304 - - 4.902 ms
::ffff:127.0.0.1 GET /pedidos?order_status=en+preparacion 304 - - 6.690 ms
::ffff:127.0.0.1 GET /pedidos?maxCant=2&order_status=en+preparacion 200 2575 - 11.116 ms
::1 GET /pedidos? 304 - - 32.640 ms
::1 GET /pedidos? 304 - - 5.923 ms
::1 GET /pedidos?order_status=pendiente+pago 304 - - 9.877 ms
::1 GET /pedidos?order_status=en+preparacion 304 - - 9.729 ms
::1 GET /pedidos? 304 - - 11.605 ms
::1 GET /pedidos? 304 - - 7.405 ms
::1 GET /pedidos?estado=pendiente+pago 200 828 - 8.367 ms
::1 GET /pedidos?estado=en+preparacion 200 1226 - 7.752 ms
::1 GET /pedidos?maxCant=2&estado=en+preparacion 200 1226 - 6.778 ms
::1 GET /pedidos?maxCant=2 304 - - 7.204 ms
::1 GET /pedidos?minCant=2 304 - - 3.809 ms
::1 POST /email/send 500 61 - 1221.651 ms
::1 GET /pedidos? 304 - - 39.964 ms
::1 GET /pedidos? 304 - - 9.684 ms
::1 POST /email/send 500 61 - 1087.967 ms
::1 POST /email/send 500 61 - 1053.306 ms
::1 POST /email/send 500 61 - 575.196 ms
::1 POST /email/send 500 61 - 576.590 ms
::1 POST /email/send 500 61 - 556.706 ms
::1 POST /email/send 500 61 - 620.046 ms
::1 POST /auth/login 200 240 - 172.029 ms
::1 GET /pedidos? 304 - - 34.530 ms
::1 GET /pedidos? 304 - - 5.945 ms
::1 POST /auth/register 409 69 - 4.759 ms
::1 POST /auth/register 201 196 - 113.652 ms
::1 POST /auth/login 401 41 - 3.580 ms
::1 POST /auth/login 401 41 - 2.602 ms
::1 POST /auth/login 200 255 - 157.566 ms
::1 GET /pedidos? 304 - - 9.887 ms
::1 GET /pedidos? 304 - - 10.327 ms
::1 POST /auth/login 200 240 - 136.899 ms
::1 GET /pedidos? 304 - - 23.735 ms
::1 GET /pedidos? 304 - - 6.184 ms
::1 GET /pedidos? 304 - - 94.029 ms
::1 GET /pedidos? 304 - - 13.739 ms
::1 GET /pedidos? 304 - - 9.603 ms
::1 GET /pedidos? 304 - - 7.018 ms
::1 POST /auth/login 200 240 - 86.167 ms
::1 GET /pedidos? 304 - - 8.546 ms
::1 GET /pedidos? 304 - - 12.903 ms
::1 POST /auth/register 201 197 - 170.048 ms
::1 GET /pedidos? 304 - - 16.378 ms
::1 GET /pedidos? 304 - - 14.575 ms
::1 POST /auth/register 201 193 - 84.139 ms
::1 POST /auth/login 200 240 - 89.546 ms
::1 GET /pedidos? 304 - - 7.931 ms
::1 GET /pedidos? 304 - - 18.267 ms
::1 GET /pedidos? 304 - - 5.403 ms
::1 GET /pedidos? 304 - - 10.764 ms
::1 GET /pedidos?n_pedido=90122025 304 - - 34.082 ms
::1 GET /pedidos?nombre=Abigail+Astradas 304 - - 20.890 ms
::1 GET /pedidos? 304 - - 7.263 ms
::1 GET /pedidos? 304 - - 5.430 ms
::1 GET /pedidos?category=Interior 200 1362 - 6.044 ms
::1 GET /pedidos?category=Exterior 200 1238 - 3.652 ms
::1 GET /pedidos?category=Exterior&line=Cl%C3%A1sica 200 834 - 9.081 ms
::1 GET /pedidos? 304 - - 5.704 ms
::1 GET /pedidos?category=Interior 304 - - 4.889 ms
::1 GET /pedidos? 304 - - 4.286 ms
::1 PATCH /pedidos/693b649ddeb92a723a5f67cc 200 428 - 82.262 ms
::1 GET /pedidos? 200 2583 - 6.287 ms
::1 PATCH /pedidos/693b1e171d3dbcf76c46824c 200 427 - 23.027 ms
::1 GET /pedidos? 200 2593 - 7.622 ms
