::1 GET /auth/register 404 54 - 6.951 ms
::1 GET /auth/register 404 54 - 0.723 ms
::1 POST /auth/register 400 43 - 5.783 ms
::1 POST /auth/register 400 43 - 2.504 ms
::1 POST /auth/register 400 43 - 0.709 ms
::1 GET / 200 15 - 1.134 ms
::1 GET /favicon.ico 404 54 - 0.537 ms
::1 GET /auth/register 404 54 - 0.864 ms
::1 GET /auth/register 404 54 - 0.573 ms
::1 GET /auth/register 404 54 - 5.032 ms
::1 GET /auth 404 54 - 0.838 ms
::1 GET /auth/login 404 54 - 0.468 ms
::1 GET / 304 - - 0.859 ms
::1 GET /auth/register 404 54 - 0.376 ms
::1 POST /auth/register 400 43 - 1.327 ms
::1 POST /auth/register 400 43 - 13.737 ms
::1 POST /auth/register 400 43 - 10.153 ms
::1 POST /auth/register 400 43 - 62.841 ms
::1 POST /auth/register 400 43 - 1.012 ms
::1 POST /auth/register 400 43 - 0.836 ms
::1 POST /auth/register 400 43 - 0.894 ms
::1 POST /auth/register 400 43 - 0.856 ms
::1 POST /auth/register 201 187 - 203.253 ms
::1 POST /auth/register 201 187 - 107.801 ms
::1 POST /auth/login 200 240 - 136.753 ms
::1 GET /products? 304 - - 17.724 ms
::1 GET /products? 304 - - 7.594 ms
::1 GET /products? 304 - - 42.519 ms
::1 GET /products? 304 - - 11.776 ms
::1 POST /auth/login 200 240 - 109.909 ms
::1 GET /products? 304 - - 17.011 ms
::1 GET /products? 304 - - 9.696 ms
